<?xml version="1.0" encoding="UTF-8"?>
<testng-results ignored="0" total="3" passed="3" failed="0" skipped="0">
  <reporter-output>
  </reporter-output>
  <suite started-at="2023-01-07T17:23:56 AST" name="Default suite" finished-at="2023-01-07T17:24:07 AST" duration-ms="10581">
    <groups>
      <group name="manager">
        <method signature="Mytests.add_customer()[pri:2, instance:Mytests@4fb0f2b9]" name="add_customer" class="Mytests"/>
        <method signature="Mytests.login_as_maneger()[pri:1, instance:Mytests@4fb0f2b9]" name="login_as_maneger" class="Mytests"/>
      </group> <!-- manager -->
      <group name="customer">
        <method signature="Mytests.login_as_customer()[pri:1, instance:Mytests@4fb0f2b9]" name="login_as_customer" class="Mytests"/>
      </group> <!-- customer -->
    </groups>
    <test started-at="2023-01-07T17:23:56 AST" name="Default test" finished-at="2023-01-07T17:24:07 AST" duration-ms="10581">
      <class name="Mytests">
        <test-method is-config="true" signature="pre_my_Test()[pri:0, instance:Mytests@4fb0f2b9]" started-at="2023-01-07T17:23:56 AST" name="pre_my_Test" finished-at="2023-01-07T17:24:01 AST" duration-ms="4881" status="PASS">
          <reporter-output>
          </reporter-output>
        </test-method> <!-- pre_my_Test -->
        <test-method signature="login_as_customer()[pri:1, instance:Mytests@4fb0f2b9]" started-at="2023-01-07T17:24:01 AST" name="login_as_customer" finished-at="2023-01-07T17:24:01 AST" duration-ms="636" status="PASS">
          <reporter-output>
          </reporter-output>
        </test-method> <!-- login_as_customer -->
        <test-method signature="login_as_maneger()[pri:1, instance:Mytests@4fb0f2b9]" started-at="2023-01-07T17:24:01 AST" name="login_as_maneger" finished-at="2023-01-07T17:24:02 AST" duration-ms="57" status="PASS">
          <reporter-output>
          </reporter-output>
        </test-method> <!-- login_as_maneger -->
        <test-method signature="add_customer()[pri:2, instance:Mytests@4fb0f2b9]" started-at="2023-01-07T17:24:02 AST" name="add_customer" finished-at="2023-01-07T17:24:07 AST" duration-ms="4956" status="PASS">
          <reporter-output>
          </reporter-output>
        </test-method> <!-- add_customer -->
      </class> <!-- Mytests -->
    </test> <!-- Default test -->
  </suite> <!-- Default suite -->
</testng-results>
